<?xml version="1.0" encoding="UTF-8"?>
<!-- Generated by org.testng.reporters.JUnitReportReporter -->
<testsuite hostname="DESKTOP-K6N0JTF" failures="0" tests="1" name="Testcase.testRegister" time="2.778" errors="0" timestamp="2022-11-07T09:32:38 EET" skipped="0">
  <testcase classname="Testcase.testRegister" name="setDemographics" time="2.778"/>
  <system-out/>
</testsuite> <!-- Testcase.testRegister -->
