<?xml version="1.0" encoding="UTF-8"?>
<!-- Generated by org.testng.reporters.JUnitReportReporter -->
<testsuite hostname="DESKTOP-K6N0JTF" failures="0" tests="8" name="Testcase.testLogin" time="17.253" errors="0" timestamp="2022-11-07T09:32:38 EET" skipped="0">
  <testcase classname="Testcase.testLogin" name="testInpatientUserLogin" time="2.684"/>
  <system-out/>
  <testcase classname="Testcase.testLogin" name="testIsolationUserLogin" time="2.000"/>
  <system-out/>
  <testcase classname="Testcase.testLogin" name="testlaboratoryUserLogin" time="2.082"/>
  <system-out/>
  <testcase classname="Testcase.testLogin" name="testoutpatientclinicUserLogin" time="2.130"/>
  <system-out/>
  <testcase classname="Testcase.testLogin" name="pharmacyUserLogin" time="2.064"/>
  <system-out/>
  <testcase classname="Testcase.testLogin" name="registerdiskUserLogin" time="2.059"/>
  <system-out/>
  <testcase classname="Testcase.testLogin" name="registerWithDataProvider" time="2.148"/>
  <system-out/>
  <testcase classname="Testcase.testLogin" name="registerWithDataProvider" time="2.086"/>
  <system-out/>
</testsuite> <!-- Testcase.testLogin -->
